0 info it worked if it ends with ok
1 verbose cli [ 'C:\\Program Files\\nodejs\\node.exe',
1 verbose cli   'C:\\Program Files\\nodejs\\node_modules\\npm\\bin\\npm-cli.js',
1 verbose cli   'run',
1 verbose cli   'dev' ]
2 info using npm@3.10.10
3 info using node@v6.9.5
4 verbose run-script [ 'predev', 'dev', 'postdev' ]
5 info lifecycle Housevault@1.0.0~predev: Housevault@1.0.0
6 silly lifecycle Housevault@1.0.0~predev: no script for predev, continuing
7 info lifecycle Housevault@1.0.0~dev: Housevault@1.0.0
8 verbose lifecycle Housevault@1.0.0~dev: unsafe-perm in lifecycle true
9 verbose lifecycle Housevault@1.0.0~dev: PATH: C:\Program Files\nodejs\node_modules\npm\bin\node-gyp-bin;C:\Users\Daniel Morgan\Desktop\House Vault\HouseVaultRepo\housevault\node_modules\.bin;C:\Users\Daniel Morgan\Desktop\House Vault\HouseVaultRepo\housevault\node_modules\.bin;C:\ProgramData\Oracle\Java\javapath;C:\Program Files\Common Files\Microsoft Shared\Windows Live;C:\Program Files (x86)\Common Files\Microsoft Shared\Windows Live;C:\Windows\system32;C:\Windows;C:\Windows\System32\Wbem;C:\Windows\System32\WindowsPowerShell\v1.0\;C:\Program Files (x86)\NVIDIA Corporation\PhysX\Common;C:\Program Files (x86)\QuickTime\QTSystem\;C:\Program Files (x86)\Windows Live\Shared;C:\WINDOWS\system32;C:\WINDOWS;C:\WINDOWS\System32\Wbem;C:\WINDOWS\System32\WindowsPowerShell\v1.0\;C:\WINDOWS\system32\config\systemprofile\.dnx\bin;C:\Program Files\Microsoft DNX\Dnvm\;C:\Program Files\Microsoft SQL Server\130\Tools\Binn\;C:\Program Files\nodejs\;C:\WINDOWS\System32\OpenSSH\;C:\Program Files\PuTTY\;C:\Users\Daniel Morgan\Anaconda2;C:\Users\Daniel Morgan\Anaconda2\Scripts;C:\Users\Daniel Morgan\Anaconda2\Library\bin;C:\Program Files (x86)\Microsoft VS Code\bin;C:\Users\Daniel Morgan\AppData\Local\Microsoft\WindowsApps;C:\Users\Daniel Morgan\AppData\Roaming\npm;C:\Users\Daniel Morgan\AppData\Local\GitHubDesktop\bin
10 verbose lifecycle Housevault@1.0.0~dev: CWD: C:\Users\Daniel Morgan\Desktop\House Vault\HouseVaultRepo\housevault
11 silly lifecycle Housevault@1.0.0~dev: Args: [ '/d /s /c', 'node server/server.js' ]
12 silly lifecycle Housevault@1.0.0~dev: Returned: code: 1  signal: null
13 info lifecycle Housevault@1.0.0~dev: Failed to exec dev script
14 verbose stack Error: Housevault@1.0.0 dev: `node server/server.js`
14 verbose stack Exit status 1
14 verbose stack     at EventEmitter.<anonymous> (C:\Program Files\nodejs\node_modules\npm\lib\utils\lifecycle.js:255:16)
14 verbose stack     at emitTwo (events.js:106:13)
14 verbose stack     at EventEmitter.emit (events.js:191:7)
14 verbose stack     at ChildProcess.<anonymous> (C:\Program Files\nodejs\node_modules\npm\lib\utils\spawn.js:40:14)
14 verbose stack     at emitTwo (events.js:106:13)
14 verbose stack     at ChildProcess.emit (events.js:191:7)
14 verbose stack     at maybeClose (internal/child_process.js:877:16)
14 verbose stack     at Process.ChildProcess._handle.onexit (internal/child_process.js:226:5)
15 verbose pkgid Housevault@1.0.0
16 verbose cwd C:\Users\Daniel Morgan\Desktop\House Vault\HouseVaultRepo\housevault
17 error Windows_NT 10.0.17134
18 error argv "C:\\Program Files\\nodejs\\node.exe" "C:\\Program Files\\nodejs\\node_modules\\npm\\bin\\npm-cli.js" "run" "dev"
19 error node v6.9.5
20 error npm  v3.10.10
21 error code ELIFECYCLE
22 error Housevault@1.0.0 dev: `node server/server.js`
22 error Exit status 1
23 error Failed at the Housevault@1.0.0 dev script 'node server/server.js'.
23 error Make sure you have the latest version of node.js and npm installed.
23 error If you do, this is most likely a problem with the Housevault package,
23 error not with npm itself.
23 error Tell the author that this fails on your system:
23 error     node server/server.js
23 error You can get information on how to open an issue for this project with:
23 error     npm bugs Housevault
23 error Or if that isn't available, you can get their info via:
23 error     npm owner ls Housevault
23 error There is likely additional logging output above.
24 verbose exit [ 1, true ]
